<?xml version="1.0" encoding="UTF-8"?>
<testng-results ignored="0" total="1" passed="1" failed="0" skipped="0">
  <reporter-output>
  </reporter-output>
  <suite started-at="2022-08-14T13:46:04 WIB" name="Elevenia" finished-at="2022-08-14T13:47:55 WIB" duration-ms="110735">
    <groups>
    </groups>
    <test started-at="2022-08-14T13:46:04 WIB" name="automation experience" finished-at="2022-08-14T13:47:55 WIB" duration-ms="110735">
      <class name="alami.elevenia.testCase.Case">
        <test-method is-config="true" signature="setup(java.lang.String)[pri:0, instance:alami.elevenia.testCase.Case@71a8adcf]" started-at="2022-08-14T13:46:04 WIB" name="setup" finished-at="2022-08-14T13:46:55 WIB" duration-ms="51492" status="PASS">
          <params>
            <param index="0">
              <value>
                <![CDATA[chrome]]>
              </value>
            </param>
          </params>
          <reporter-output>
          </reporter-output>
        </test-method> <!-- setup -->
        <test-method signature="theCase()[pri:0, instance:alami.elevenia.testCase.Case@71a8adcf]" started-at="2022-08-14T13:46:55 WIB" name="theCase" finished-at="2022-08-14T13:47:54 WIB" duration-ms="58963" status="PASS">
          <reporter-output>
          </reporter-output>
        </test-method> <!-- theCase -->
        <test-method is-config="true" signature="tearDown()[pri:0, instance:alami.elevenia.testCase.Case@71a8adcf]" started-at="2022-08-14T13:47:54 WIB" name="tearDown" finished-at="2022-08-14T13:47:55 WIB" duration-ms="238" status="PASS">
          <reporter-output>
          </reporter-output>
        </test-method> <!-- tearDown -->
      </class> <!-- alami.elevenia.testCase.Case -->
    </test> <!-- automation experience -->
  </suite> <!-- Elevenia -->
</testng-results>
